<?xml version="1.0" encoding="UTF-8"?>
<testsuites>
  <testsuite name="C:\xampp\htdocs\address-book-microservice\phpunit.xml" tests="44" assertions="113" errors="0" failures="0" skipped="0" time="11.246427">
    <testsuite name="Unit" tests="18" assertions="35" errors="0" failures="0" skipped="0" time="1.784366">
      <testsuite name="Tests\Unit\ExampleTest" file="C:\xampp\htdocs\address-book-microservice\tests\Unit\ExampleTest.php" tests="1" assertions="1" errors="0" failures="0" skipped="0" time="0.005809">
        <testcase name="test_that_true_is_true" file="C:\xampp\htdocs\address-book-microservice\tests\Unit\ExampleTest.php" line="12" class="Tests\Unit\ExampleTest" classname="Tests.Unit.ExampleTest" assertions="1" time="0.005809"/>
      </testsuite>
      <testsuite name="Tests\Unit\Jobs\SendSingleTelegramMessageJobTest" file="C:\xampp\htdocs\address-book-microservice\tests\Unit\Jobs\SendSingleTelegramMessageJobTest.php" tests="3" assertions="6" errors="0" failures="0" skipped="0" time="1.078386">
        <testcase name="test_handle_successfully_sends_message" file="C:\xampp\htdocs\address-book-microservice\tests\Unit\Jobs\SendSingleTelegramMessageJobTest.php" line="17" class="Tests\Unit\Jobs\SendSingleTelegramMessageJobTest" classname="Tests.Unit.Jobs.SendSingleTelegramMessageJobTest" assertions="2" time="0.958964"/>
        <testcase name="test_handle_does_nothing_if_recipient_or_message_is_missing" file="C:\xampp\htdocs\address-book-microservice\tests\Unit\Jobs\SendSingleTelegramMessageJobTest.php" line="49" class="Tests\Unit\Jobs\SendSingleTelegramMessageJobTest" classname="Tests.Unit.Jobs.SendSingleTelegramMessageJobTest" assertions="2" time="0.050064"/>
        <testcase name="test_handle_catches_exception_from_telegram" file="C:\xampp\htdocs\address-book-microservice\tests\Unit\Jobs\SendSingleTelegramMessageJobTest.php" line="71" class="Tests\Unit\Jobs\SendSingleTelegramMessageJobTest" classname="Tests.Unit.Jobs.SendSingleTelegramMessageJobTest" assertions="2" time="0.069358"/>
      </testsuite>
      <testsuite name="Tests\Unit\Services\MessageDispatchServiceTest" file="C:\xampp\htdocs\address-book-microservice\tests\Unit\Services\MessageDispatchServiceTest.php" tests="4" assertions="12" errors="0" failures="0" skipped="0" time="0.275830">
        <testcase name="test_dispatch_to_recipient_only" file="C:\xampp\htdocs\address-book-microservice\tests\Unit\Services\MessageDispatchServiceTest.php" line="26" class="Tests\Unit\Services\MessageDispatchServiceTest" classname="Tests.Unit.Services.MessageDispatchServiceTest" assertions="4" time="0.086091"/>
        <testcase name="test_dispatch_to_address_book" file="C:\xampp\htdocs\address-book-microservice\tests\Unit\Services\MessageDispatchServiceTest.php" line="51" class="Tests\Unit\Services\MessageDispatchServiceTest" classname="Tests.Unit.Services.MessageDispatchServiceTest" assertions="4" time="0.089931"/>
        <testcase name="test_dispatch_fails_if_no_recipients" file="C:\xampp\htdocs\address-book-microservice\tests\Unit\Services\MessageDispatchServiceTest.php" line="74" class="Tests\Unit\Services\MessageDispatchServiceTest" classname="Tests.Unit.Services.MessageDispatchServiceTest" assertions="2" time="0.042935"/>
        <testcase name="test_dispatch_handles_creation_exception" file="C:\xampp\htdocs\address-book-microservice\tests\Unit\Services\MessageDispatchServiceTest.php" line="87" class="Tests\Unit\Services\MessageDispatchServiceTest" classname="Tests.Unit.Services.MessageDispatchServiceTest" assertions="2" time="0.056873"/>
      </testsuite>
      <testsuite name="Tests\Unit\Services\TelegramServiceTest" file="C:\xampp\htdocs\address-book-microservice\tests\Unit\Services\TelegramServiceTest.php" tests="10" assertions="16" errors="0" failures="0" skipped="0" time="0.424341">
        <testcase name="test_handle_response_returns_data_on_success" file="C:\xampp\htdocs\address-book-microservice\tests\Unit\Services\TelegramServiceTest.php" line="22" class="Tests\Unit\Services\TelegramServiceTest" classname="Tests.Unit.Services.TelegramServiceTest" assertions="2" time="0.043731"/>
        <testcase name="test_handle_response_throws_exception_on_failure" file="C:\xampp\htdocs\address-book-microservice\tests\Unit\Services\TelegramServiceTest.php" line="37" class="Tests\Unit\Services\TelegramServiceTest" classname="Tests.Unit.Services.TelegramServiceTest" assertions="2" time="0.039862"/>
        <testcase name="test_send_message_success" file="C:\xampp\htdocs\address-book-microservice\tests\Unit\Services\TelegramServiceTest.php" line="61" class="Tests\Unit\Services\TelegramServiceTest" classname="Tests.Unit.Services.TelegramServiceTest" assertions="2" time="0.063586"/>
        <testcase name="test_send_message_failure" file="C:\xampp\htdocs\address-book-microservice\tests\Unit\Services\TelegramServiceTest.php" line="83" class="Tests\Unit\Services\TelegramServiceTest" classname="Tests.Unit.Services.TelegramServiceTest" assertions="2" time="0.038591"/>
        <testcase name="test_is_valid_chat_id_returns_true_when_ok" file="C:\xampp\htdocs\address-book-microservice\tests\Unit\Services\TelegramServiceTest.php" line="101" class="Tests\Unit\Services\TelegramServiceTest" classname="Tests.Unit.Services.TelegramServiceTest" assertions="1" time="0.038076"/>
        <testcase name="test_is_valid_chat_id_returns_false_on_failure" file="C:\xampp\htdocs\address-book-microservice\tests\Unit\Services\TelegramServiceTest.php" line="115" class="Tests\Unit\Services\TelegramServiceTest" classname="Tests.Unit.Services.TelegramServiceTest" assertions="1" time="0.038146"/>
        <testcase name="test_is_valid_chat_id_returns_false_on_exception" file="C:\xampp\htdocs\address-book-microservice\tests\Unit\Services\TelegramServiceTest.php" line="128" class="Tests\Unit\Services\TelegramServiceTest" classname="Tests.Unit.Services.TelegramServiceTest" assertions="1" time="0.038224"/>
        <testcase name="test_send_media_with_valid_url_downloads_and_sends_file" file="C:\xampp\htdocs\address-book-microservice\tests\Unit\Services\TelegramServiceTest.php" line="139" class="Tests\Unit\Services\TelegramServiceTest" classname="Tests.Unit.Services.TelegramServiceTest" assertions="2" time="0.043948"/>
        <testcase name="test_send_media_throws_exception_on_invalid_type" file="C:\xampp\htdocs\address-book-microservice\tests\Unit\Services\TelegramServiceTest.php" line="160" class="Tests\Unit\Services\TelegramServiceTest" classname="Tests.Unit.Services.TelegramServiceTest" assertions="1" time="0.036420"/>
        <testcase name="test_send_media_throws_exception_on_missing_local_file" file="C:\xampp\htdocs\address-book-microservice\tests\Unit\Services\TelegramServiceTest.php" line="166" class="Tests\Unit\Services\TelegramServiceTest" classname="Tests.Unit.Services.TelegramServiceTest" assertions="2" time="0.043757"/>
      </testsuite>
    </testsuite>
    <testsuite name="Feature" tests="26" assertions="78" errors="0" failures="0" skipped="0" time="9.462061">
      <testsuite name="Tests\Feature\AddressBookControllerTest" file="C:\xampp\htdocs\address-book-microservice\tests\Feature\AddressBookControllerTest.php" tests="6" assertions="13" errors="0" failures="0" skipped="0" time="0.398288">
        <testcase name="test_index_returns_books" file="C:\xampp\htdocs\address-book-microservice\tests\Feature\AddressBookControllerTest.php" line="31" class="Tests\Feature\AddressBookControllerTest" classname="Tests.Feature.AddressBookControllerTest" assertions="2" time="0.068423"/>
        <testcase name="test_store_creates_new_book" file="C:\xampp\htdocs\address-book-microservice\tests\Feature\AddressBookControllerTest.php" line="41" class="Tests\Feature\AddressBookControllerTest" classname="Tests.Feature.AddressBookControllerTest" assertions="2" time="0.070375"/>
        <testcase name="test_store_restores_deleted_book" file="C:\xampp\htdocs\address-book-microservice\tests\Feature\AddressBookControllerTest.php" line="50" class="Tests\Feature\AddressBookControllerTest" classname="Tests.Feature.AddressBookControllerTest" assertions="2" time="0.068968"/>
        <testcase name="test_show_returns_book" file="C:\xampp\htdocs\address-book-microservice\tests\Feature\AddressBookControllerTest.php" line="68" class="Tests\Feature\AddressBookControllerTest" classname="Tests.Feature.AddressBookControllerTest" assertions="2" time="0.061748"/>
        <testcase name="test_update_changes_book" file="C:\xampp\htdocs\address-book-microservice\tests\Feature\AddressBookControllerTest.php" line="78" class="Tests\Feature\AddressBookControllerTest" classname="Tests.Feature.AddressBookControllerTest" assertions="2" time="0.063184"/>
        <testcase name="test_destroy_deletes_book" file="C:\xampp\htdocs\address-book-microservice\tests\Feature\AddressBookControllerTest.php" line="89" class="Tests\Feature\AddressBookControllerTest" classname="Tests.Feature.AddressBookControllerTest" assertions="3" time="0.065589"/>
      </testsuite>
      <testsuite name="Tests\Feature\ExampleTest" file="C:\xampp\htdocs\address-book-microservice\tests\Feature\ExampleTest.php" tests="1" assertions="1" errors="0" failures="0" skipped="0" time="0.060010">
        <testcase name="test_the_application_returns_a_successful_response" file="C:\xampp\htdocs\address-book-microservice\tests\Feature\ExampleTest.php" line="13" class="Tests\Feature\ExampleTest" classname="Tests.Feature.ExampleTest" assertions="1" time="0.060010"/>
      </testsuite>
      <testsuite name="Tests\Feature\RecipientControllerTest" file="C:\xampp\htdocs\address-book-microservice\tests\Feature\RecipientControllerTest.php" tests="4" assertions="27" errors="0" failures="0" skipped="0" time="0.319962">
        <testcase name="test_can_create_recipient" file="C:\xampp\htdocs\address-book-microservice\tests\Feature\RecipientControllerTest.php" line="16" class="Tests\Feature\RecipientControllerTest" classname="Tests.Feature.RecipientControllerTest" assertions="3" time="0.080497"/>
        <testcase name="test_can_update_recipient" file="C:\xampp\htdocs\address-book-microservice\tests\Feature\RecipientControllerTest.php" line="41" class="Tests\Feature\RecipientControllerTest" classname="Tests.Feature.RecipientControllerTest" assertions="3" time="0.073460"/>
        <testcase name="test_can_show_recipients_by_address_book" file="C:\xampp\htdocs\address-book-microservice\tests\Feature\RecipientControllerTest.php" line="66" class="Tests\Feature\RecipientControllerTest" classname="Tests.Feature.RecipientControllerTest" assertions="17" time="0.103311"/>
        <testcase name="test_can_delete_recipient_from_address_book" file="C:\xampp\htdocs\address-book-microservice\tests\Feature\RecipientControllerTest.php" line="107" class="Tests\Feature\RecipientControllerTest" classname="Tests.Feature.RecipientControllerTest" assertions="4" time="0.062694"/>
      </testsuite>
      <testsuite name="Tests\Feature\Services\TelegramServiceTest" file="C:\xampp\htdocs\address-book-microservice\tests\Feature\Services\TelegramServiceTest.php" tests="1" assertions="1" errors="0" failures="0" skipped="0" time="0.044898">
        <testcase name="test_example" file="C:\xampp\htdocs\address-book-microservice\tests\Feature\Services\TelegramServiceTest.php" line="14" class="Tests\Feature\Services\TelegramServiceTest" classname="Tests.Feature.Services.TelegramServiceTest" assertions="1" time="0.044898"/>
      </testsuite>
      <testsuite name="Tests\Feature\TelegramAddressBookControllerTest" file="C:\xampp\htdocs\address-book-microservice\tests\Feature\TelegramAddressBookControllerTest.php" tests="5" assertions="11" errors="0" failures="0" skipped="0" time="0.286144">
        <testcase name="test_dispatch_successfully_with_address_book" file="C:\xampp\htdocs\address-book-microservice\tests\Feature\TelegramAddressBookControllerTest.php" line="23" class="Tests\Feature\TelegramAddressBookControllerTest" classname="Tests.Feature.TelegramAddressBookControllerTest" assertions="1" time="0.069537"/>
        <testcase name="test_dispatch_successfully_with_recipient" file="C:\xampp\htdocs\address-book-microservice\tests\Feature\TelegramAddressBookControllerTest.php" line="41" class="Tests\Feature\TelegramAddressBookControllerTest" classname="Tests.Feature.TelegramAddressBookControllerTest" assertions="1" time="0.056698"/>
        <testcase name="test_validation_fails_without_recipient_and_book" file="C:\xampp\htdocs\address-book-microservice\tests\Feature\TelegramAddressBookControllerTest.php" line="58" class="Tests\Feature\TelegramAddressBookControllerTest" classname="Tests.Feature.TelegramAddressBookControllerTest" assertions="3" time="0.050640"/>
        <testcase name="test_validation_fails_with_invalid_type" file="C:\xampp\htdocs\address-book-microservice\tests\Feature\TelegramAddressBookControllerTest.php" line="70" class="Tests\Feature\TelegramAddressBookControllerTest" classname="Tests.Feature.TelegramAddressBookControllerTest" assertions="3" time="0.056298"/>
        <testcase name="test_validation_fails_if_link_required_but_missing" file="C:\xampp\htdocs\address-book-microservice\tests\Feature\TelegramAddressBookControllerTest.php" line="87" class="Tests\Feature\TelegramAddressBookControllerTest" classname="Tests.Feature.TelegramAddressBookControllerTest" assertions="3" time="0.052971"/>
      </testsuite>
      <testsuite name="Tests\Feature\TelegramWebhookControllerTest" file="C:\xampp\htdocs\address-book-microservice\tests\Feature\TelegramWebhookControllerTest.php" tests="5" assertions="17" errors="0" failures="0" skipped="0" time="6.643522">
        <testcase name="test_blocked_user_is_marked_as_inactive" file="C:\xampp\htdocs\address-book-microservice\tests\Feature\TelegramWebhookControllerTest.php" line="27" class="Tests\Feature\TelegramWebhookControllerTest" classname="Tests.Feature.TelegramWebhookControllerTest" assertions="4" time="0.568952"/>
        <testcase name="test_member_user_is_marked_as_active" file="C:\xampp\htdocs\address-book-microservice\tests\Feature\TelegramWebhookControllerTest.php" line="62" class="Tests\Feature\TelegramWebhookControllerTest" classname="Tests.Feature.TelegramWebhookControllerTest" assertions="4" time="0.495929"/>
        <testcase name="test_can_handle_start_command_creates_recipient" file="C:\xampp\htdocs\address-book-microservice\tests\Feature\TelegramWebhookControllerTest.php" line="96" class="Tests\Feature\TelegramWebhookControllerTest" classname="Tests.Feature.TelegramWebhookControllerTest" assertions="3" time="2.419296"/>
        <testcase name="test_group_chat_migration_updates_address_book_chat_id" file="C:\xampp\htdocs\address-book-microservice\tests\Feature\TelegramWebhookControllerTest.php" line="127" class="Tests\Feature\TelegramWebhookControllerTest" classname="Tests.Feature.TelegramWebhookControllerTest" assertions="3" time="1.527047"/>
        <testcase name="test_registers_group_if_not_exists" file="C:\xampp\htdocs\address-book-microservice\tests\Feature\TelegramWebhookControllerTest.php" line="156" class="Tests\Feature\TelegramWebhookControllerTest" classname="Tests.Feature.TelegramWebhookControllerTest" assertions="3" time="1.632298"/>
      </testsuite>
      <testsuite name="Tests\Feature\VerifyHmacSignatureTest" file="C:\xampp\htdocs\address-book-microservice\tests\Feature\VerifyHmacSignatureTest.php" tests="4" assertions="8" errors="0" failures="0" skipped="0" time="1.709237">
        <testcase name="test_missing_headers_returns_401" file="C:\xampp\htdocs\address-book-microservice\tests\Feature\VerifyHmacSignatureTest.php" line="26" class="Tests\Feature\VerifyHmacSignatureTest" classname="Tests.Feature.VerifyHmacSignatureTest" assertions="2" time="1.540545"/>
        <testcase name="test_invalid_client_key_returns_401" file="C:\xampp\htdocs\address-book-microservice\tests\Feature\VerifyHmacSignatureTest.php" line="32" class="Tests\Feature\VerifyHmacSignatureTest" classname="Tests.Feature.VerifyHmacSignatureTest" assertions="2" time="0.054501"/>
        <testcase name="test_invalid_signature_returns_401" file="C:\xampp\htdocs\address-book-microservice\tests\Feature\VerifyHmacSignatureTest.php" line="41" class="Tests\Feature\VerifyHmacSignatureTest" classname="Tests.Feature.VerifyHmacSignatureTest" assertions="2" time="0.058103"/>
        <testcase name="test_valid_signature_allows_request" file="C:\xampp\htdocs\address-book-microservice\tests\Feature\VerifyHmacSignatureTest.php" line="51" class="Tests\Feature\VerifyHmacSignatureTest" classname="Tests.Feature.VerifyHmacSignatureTest" assertions="2" time="0.056087"/>
      </testsuite>
    </testsuite>
  </testsuite>
</testsuites>
